Command line invocation:
    /Applications/Xcode.app/Contents/Developer/usr/bin/xcodebuild -project SnapChef.xcodeproj -scheme SnapChef -configuration Debug -destination "platform=iOS Simulator,name=iPhone 16,OS=18.5" build

Resolve Package Graph


Resolved source packages:
  AppAuth: https://github.com/openid/AppAuth-iOS.git @ 1.7.6
  GoogleSignIn: https://github.com/google/GoogleSignIn-iOS @ 7.1.0
  GTMSessionFetcher: https://github.com/google/gtm-session-fetcher.git @ 3.5.0
  GTMAppAuth: https://github.com/google/GTMAppAuth.git @ 4.1.1

--- xcodebuild: WARNING: Using the first of multiple matching destinations:
{ platform:iOS Simulator, arch:arm64, id:645BEE5E-94C7-4842-8F1E-23CB46112B62, OS:18.5, name:iPhone 16 }
{ platform:iOS Simulator, arch:x86_64, id:645BEE5E-94C7-4842-8F1E-23CB46112B62, OS:18.5, name:iPhone 16 }
ComputePackagePrebuildTargetDependencyGraph

Prepare packages

CreateBuildRequest

SendProjectDescription

CreateBuildOperation

ComputeTargetDependencyGraph
note: Building targets in dependency order
note: Target dependency graph (16 targets)
    Target 'SnapChef' in project 'SnapChef'
        ➜ Explicit dependency on target 'GoogleSignIn' in project 'GoogleSignIn'
    Target 'GoogleSignIn' in project 'GoogleSignIn'
        ➜ Explicit dependency on target 'GoogleSignIn' in project 'GoogleSignIn'
        ➜ Explicit dependency on target 'GoogleSignIn_GoogleSignIn' in project 'GoogleSignIn'
        ➜ Explicit dependency on target 'AppAuth' in project 'AppAuth'
        ➜ Explicit dependency on target 'GTMAppAuth' in project 'GTMAppAuth'
        ➜ Explicit dependency on target 'GTMSessionFetcherCore' in project 'GTMSessionFetcher'
    Target 'GoogleSignIn' in project 'GoogleSignIn'
        ➜ Explicit dependency on target 'GoogleSignIn_GoogleSignIn' in project 'GoogleSignIn'
        ➜ Explicit dependency on target 'AppAuth' in project 'AppAuth'
        ➜ Explicit dependency on target 'GTMAppAuth' in project 'GTMAppAuth'
        ➜ Explicit dependency on target 'GTMSessionFetcherCore' in project 'GTMSessionFetcher'
    Target 'GTMAppAuth' in project 'GTMAppAuth'
        ➜ Explicit dependency on target 'GTMAppAuth' in project 'GTMAppAuth'
        ➜ Explicit dependency on target 'GTMAppAuth_GTMAppAuth' in project 'GTMAppAuth'
        ➜ Explicit dependency on target 'GTMSessionFetcherCore' in project 'GTMSessionFetcher'
        ➜ Explicit dependency on target 'AppAuthCore' in project 'AppAuth'
    Target 'GTMAppAuth' in project 'GTMAppAuth'
        ➜ Explicit dependency on target 'GTMAppAuth_GTMAppAuth' in project 'GTMAppAuth'
        ➜ Explicit dependency on target 'GTMSessionFetcherCore' in project 'GTMSessionFetcher'
        ➜ Explicit dependency on target 'AppAuthCore' in project 'AppAuth'
    Target 'AppAuthCore' in project 'AppAuth'
        ➜ Explicit dependency on target 'AppAuthCore' in project 'AppAuth'
        ➜ Explicit dependency on target 'AppAuth_AppAuthCore' in project 'AppAuth'
    Target 'GTMSessionFetcherCore' in project 'GTMSessionFetcher'
        ➜ Explicit dependency on target 'GTMSessionFetcherCore' in project 'GTMSessionFetcher'
        ➜ Explicit dependency on target 'GTMSessionFetcher_GTMSessionFetcherCore' in project 'GTMSessionFetcher'
    Target 'GTMSessionFetcherCore' in project 'GTMSessionFetcher'
        ➜ Explicit dependency on target 'GTMSessionFetcher_GTMSessionFetcherCore' in project 'GTMSessionFetcher'
    Target 'GTMSessionFetcher_GTMSessionFetcherCore' in project 'GTMSessionFetcher' (no dependencies)
    Target 'GTMAppAuth_GTMAppAuth' in project 'GTMAppAuth' (no dependencies)
    Target 'AppAuth' in project 'AppAuth'
        ➜ Explicit dependency on target 'AppAuth' in project 'AppAuth'
        ➜ Explicit dependency on target 'AppAuth_AppAuth' in project 'AppAuth'
        ➜ Explicit dependency on target 'AppAuthCore' in project 'AppAuth'
    Target 'AppAuth' in project 'AppAuth'
        ➜ Explicit dependency on target 'AppAuth_AppAuth' in project 'AppAuth'
        ➜ Explicit dependency on target 'AppAuthCore' in project 'AppAuth'
    Target 'AppAuthCore' in project 'AppAuth'
        ➜ Explicit dependency on target 'AppAuth_AppAuthCore' in project 'AppAuth'
    Target 'AppAuth_AppAuthCore' in project 'AppAuth' (no dependencies)
    Target 'AppAuth_AppAuth' in project 'AppAuth' (no dependencies)
    Target 'GoogleSignIn_GoogleSignIn' in project 'GoogleSignIn' (no dependencies)

GatherProvisioningInputs

CreateBuildDescription

ExecuteExternalTool /Applications/Xcode.app/Contents/Developer/Toolchains/XcodeDefault.xctoolchain/usr/bin/clang -v -E -dM -arch arm64 -isysroot /Applications/Xcode.app/Contents/Developer/Platforms/iPhoneSimulator.platform/Developer/SDKs/iPhoneSimulator18.5.sdk -x objective-c -c /dev/null

ExecuteExternalTool /Applications/Xcode.app/Contents/Developer/Toolchains/XcodeDefault.xctoolchain/usr/bin/swiftc --version

ExecuteExternalTool /Applications/Xcode.app/Contents/Developer/Toolchains/XcodeDefault.xctoolchain/usr/bin/clang -v -E -dM -isysroot /Applications/Xcode.app/Contents/Developer/Platforms/iPhoneSimulator.platform/Developer/SDKs/iPhoneSimulator18.5.sdk -x c -c /dev/null

ExecuteExternalTool /Applications/Xcode.app/Contents/Developer/usr/bin/actool --print-asset-tag-combinations --output-format xml1 /Users/cameronanderson/SnapChef/snapchef/ios/SnapChef/Preview Content/Preview Assets.xcassets /Users/cameronanderson/SnapChef/snapchef/ios/SnapChef/Design/Assets.xcassets

ExecuteExternalTool /Applications/Xcode.app/Contents/Developer/usr/bin/actool --version --output-format xml1

ExecuteExternalTool /Applications/Xcode.app/Contents/Developer/Toolchains/XcodeDefault.xctoolchain/usr/bin/ld -version_details

ExecuteExternalTool /Applications/Xcode.app/Contents/Developer/Toolchains/XcodeDefault.xctoolchain/usr/bin/clang -v -E -dM -arch arm64 -isysroot /Applications/Xcode.app/Contents/Developer/Platforms/iPhoneSimulator.platform/Developer/SDKs/iPhoneSimulator18.5.sdk -x c -c /dev/null

Build description signature: e24264dd8e1cff7d8bda196487874e0d
Build description path: /Users/cameronanderson/Library/Developer/Xcode/DerivedData/SnapChef-eofefrxwfkuubrechzzomuddoees/Build/Intermediates.noindex/XCBuildData/e24264dd8e1cff7d8bda196487874e0d.xcbuilddata
ClangStatCache /Applications/Xcode.app/Contents/Developer/Toolchains/XcodeDefault.xctoolchain/usr/bin/clang-stat-cache /Applications/Xcode.app/Contents/Developer/Platforms/iPhoneSimulator.platform/Developer/SDKs/iPhoneSimulator18.5.sdk /Users/cameronanderson/Library/Developer/Xcode/DerivedData/SDKStatCaches.noindex/iphonesimulator18.5-22F76-d5fc8ad4295d2ef488fb7d0f804ce0c4.sdkstatcache
    cd /Users/cameronanderson/SnapChef/snapchef/ios/SnapChef.xcodeproj
    /Applications/Xcode.app/Contents/Developer/Toolchains/XcodeDefault.xctoolchain/usr/bin/clang-stat-cache /Applications/Xcode.app/Contents/Developer/Platforms/iPhoneSimulator.platform/Developer/SDKs/iPhoneSimulator18.5.sdk -o /Users/cameronanderson/Library/Developer/Xcode/DerivedData/SDKStatCaches.noindex/iphonesimulator18.5-22F76-d5fc8ad4295d2ef488fb7d0f804ce0c4.sdkstatcache

WriteAuxiliaryFile /Users/cameronanderson/Library/Developer/Xcode/DerivedData/SnapChef-eofefrxwfkuubrechzzomuddoees/Build/Intermediates.noindex/SnapChef.build/Debug-iphonesimulator/SnapChef.build/Objects-normal/arm64/SnapChef.SwiftConstValuesFileList (in target 'SnapChef' from project 'SnapChef')
    cd /Users/cameronanderson/SnapChef/snapchef/ios
    write-file /Users/cameronanderson/Library/Developer/Xcode/DerivedData/SnapChef-eofefrxwfkuubrechzzomuddoees/Build/Intermediates.noindex/SnapChef.build/Debug-iphonesimulator/SnapChef.build/Objects-normal/arm64/SnapChef.SwiftConstValuesFileList

WriteAuxiliaryFile /Users/cameronanderson/Library/Developer/Xcode/DerivedData/SnapChef-eofefrxwfkuubrechzzomuddoees/Build/Intermediates.noindex/SnapChef.build/Debug-iphonesimulator/SnapChef.build/Objects-normal/arm64/SnapChef.SwiftFileList (in target 'SnapChef' from project 'SnapChef')
    cd /Users/cameronanderson/SnapChef/snapchef/ios
    write-file /Users/cameronanderson/Library/Developer/Xcode/DerivedData/SnapChef-eofefrxwfkuubrechzzomuddoees/Build/Intermediates.noindex/SnapChef.build/Debug-iphonesimulator/SnapChef.build/Objects-normal/arm64/SnapChef.SwiftFileList

WriteAuxiliaryFile /Users/cameronanderson/Library/Developer/Xcode/DerivedData/SnapChef-eofefrxwfkuubrechzzomuddoees/Build/Intermediates.noindex/SnapChef.build/Debug-iphonesimulator/SnapChef.build/Objects-normal/arm64/SnapChef-OutputFileMap.json (in target 'SnapChef' from project 'SnapChef')
    cd /Users/cameronanderson/SnapChef/snapchef/ios
    write-file /Users/cameronanderson/Library/Developer/Xcode/DerivedData/SnapChef-eofefrxwfkuubrechzzomuddoees/Build/Intermediates.noindex/SnapChef.build/Debug-iphonesimulator/SnapChef.build/Objects-normal/arm64/SnapChef-OutputFileMap.json

WriteAuxiliaryFile /Users/cameronanderson/Library/Developer/Xcode/DerivedData/SnapChef-eofefrxwfkuubrechzzomuddoees/Build/Intermediates.noindex/SnapChef.build/Debug-iphonesimulator/SnapChef.build/Objects-normal/arm64/SnapChef.LinkFileList (in target 'SnapChef' from project 'SnapChef')
    cd /Users/cameronanderson/SnapChef/snapchef/ios
    write-file /Users/cameronanderson/Library/Developer/Xcode/DerivedData/SnapChef-eofefrxwfkuubrechzzomuddoees/Build/Intermediates.noindex/SnapChef.build/Debug-iphonesimulator/SnapChef.build/Objects-normal/arm64/SnapChef.LinkFileList

ProcessInfoPlistFile /Users/cameronanderson/Library/Developer/Xcode/DerivedData/SnapChef-eofefrxwfkuubrechzzomuddoees/Build/Products/Debug-iphonesimulator/GTMSessionFetcher_GTMSessionFetcherCore.bundle/Info.plist /Users/cameronanderson/Library/Developer/Xcode/DerivedData/SnapChef-eofefrxwfkuubrechzzomuddoees/Build/Intermediates.noindex/GTMSessionFetcher.build/Debug-iphonesimulator/GTMSessionFetcher_GTMSessionFetcherCore.build/empty-GTMSessionFetcher_GTMSessionFetcherCore.plist (in target 'GTMSessionFetcher_GTMSessionFetcherCore' from project 'GTMSessionFetcher')
    cd /Users/cameronanderson/Library/Developer/Xcode/DerivedData/SnapChef-eofefrxwfkuubrechzzomuddoees/SourcePackages/checkouts/gtm-session-fetcher
    builtin-infoPlistUtility /Users/cameronanderson/Library/Developer/Xcode/DerivedData/SnapChef-eofefrxwfkuubrechzzomuddoees/Build/Intermediates.noindex/GTMSessionFetcher.build/Debug-iphonesimulator/GTMSessionFetcher_GTMSessionFetcherCore.build/empty-GTMSessionFetcher_GTMSessionFetcherCore.plist -producttype com.apple.product-type.bundle -expandbuildsettings -format binary -platform iphonesimulator -o /Users/cameronanderson/Library/Developer/Xcode/DerivedData/SnapChef-eofefrxwfkuubrechzzomuddoees/Build/Products/Debug-iphonesimulator/GTMSessionFetcher_GTMSessionFetcherCore.bundle/Info.plist

ProcessInfoPlistFile /Users/cameronanderson/Library/Developer/Xcode/DerivedData/SnapChef-eofefrxwfkuubrechzzomuddoees/Build/Products/Debug-iphonesimulator/AppAuth_AppAuthCore.bundle/Info.plist /Users/cameronanderson/Library/Developer/Xcode/DerivedData/SnapChef-eofefrxwfkuubrechzzomuddoees/Build/Intermediates.noindex/AppAuth.build/Debug-iphonesimulator/AppAuth_AppAuthCore.build/empty-AppAuth_AppAuthCore.plist (in target 'AppAuth_AppAuthCore' from project 'AppAuth')
    cd /Users/cameronanderson/Library/Developer/Xcode/DerivedData/SnapChef-eofefrxwfkuubrechzzomuddoees/SourcePackages/checkouts/AppAuth-iOS
    builtin-infoPlistUtility /Users/cameronanderson/Library/Developer/Xcode/DerivedData/SnapChef-eofefrxwfkuubrechzzomuddoees/Build/Intermediates.noindex/AppAuth.build/Debug-iphonesimulator/AppAuth_AppAuthCore.build/empty-AppAuth_AppAuthCore.plist -producttype com.apple.product-type.bundle -expandbuildsettings -format binary -platform iphonesimulator -o /Users/cameronanderson/Library/Developer/Xcode/DerivedData/SnapChef-eofefrxwfkuubrechzzomuddoees/Build/Products/Debug-iphonesimulator/AppAuth_AppAuthCore.bundle/Info.plist

ProcessProductPackaging /Users/cameronanderson/SnapChef/snapchef/ios/SnapChef/SnapChef.entitlements /Users/cameronanderson/Library/Developer/Xcode/DerivedData/SnapChef-eofefrxwfkuubrechzzomuddoees/Build/Intermediates.noindex/SnapChef.build/Debug-iphonesimulator/SnapChef.build/SnapChef.app.xcent (in target 'SnapChef' from project 'SnapChef')
    cd /Users/cameronanderson/SnapChef/snapchef/ios
    
    Entitlements:
    
    {
}
    
    builtin-productPackagingUtility /Users/cameronanderson/SnapChef/snapchef/ios/SnapChef/SnapChef.entitlements -entitlements -format xml -o /Users/cameronanderson/Library/Developer/Xcode/DerivedData/SnapChef-eofefrxwfkuubrechzzomuddoees/Build/Intermediates.noindex/SnapChef.build/Debug-iphonesimulator/SnapChef.build/SnapChef.app.xcent

ProcessProductPackaging /Users/cameronanderson/SnapChef/snapchef/ios/SnapChef/SnapChef.entitlements /Users/cameronanderson/Library/Developer/Xcode/DerivedData/SnapChef-eofefrxwfkuubrechzzomuddoees/Build/Intermediates.noindex/SnapChef.build/Debug-iphonesimulator/SnapChef.build/SnapChef.app-Simulated.xcent (in target 'SnapChef' from project 'SnapChef')
    cd /Users/cameronanderson/SnapChef/snapchef/ios
    
    Entitlements:
    
    {
    "application-identifier" = "FAKETEAMID.com.snapchef.app";
}
    
    builtin-productPackagingUtility /Users/cameronanderson/SnapChef/snapchef/ios/SnapChef/SnapChef.entitlements -entitlements -format xml -o /Users/cameronanderson/Library/Developer/Xcode/DerivedData/SnapChef-eofefrxwfkuubrechzzomuddoees/Build/Intermediates.noindex/SnapChef.build/Debug-iphonesimulator/SnapChef.build/SnapChef.app-Simulated.xcent

ProcessProductPackagingDER /Users/cameronanderson/Library/Developer/Xcode/DerivedData/SnapChef-eofefrxwfkuubrechzzomuddoees/Build/Intermediates.noindex/SnapChef.build/Debug-iphonesimulator/SnapChef.build/SnapChef.app.xcent /Users/cameronanderson/Library/Developer/Xcode/DerivedData/SnapChef-eofefrxwfkuubrechzzomuddoees/Build/Intermediates.noindex/SnapChef.build/Debug-iphonesimulator/SnapChef.build/SnapChef.app.xcent.der (in target 'SnapChef' from project 'SnapChef')
    cd /Users/cameronanderson/SnapChef/snapchef/ios
    /usr/bin/derq query -f xml -i /Users/cameronanderson/Library/Developer/Xcode/DerivedData/SnapChef-eofefrxwfkuubrechzzomuddoees/Build/Intermediates.noindex/SnapChef.build/Debug-iphonesimulator/SnapChef.build/SnapChef.app.xcent -o /Users/cameronanderson/Library/Developer/Xcode/DerivedData/SnapChef-eofefrxwfkuubrechzzomuddoees/Build/Intermediates.noindex/SnapChef.build/Debug-iphonesimulator/SnapChef.build/SnapChef.app.xcent.der --raw

ProcessProductPackagingDER /Users/cameronanderson/Library/Developer/Xcode/DerivedData/SnapChef-eofefrxwfkuubrechzzomuddoees/Build/Intermediates.noindex/SnapChef.build/Debug-iphonesimulator/SnapChef.build/SnapChef.app-Simulated.xcent /Users/cameronanderson/Library/Developer/Xcode/DerivedData/SnapChef-eofefrxwfkuubrechzzomuddoees/Build/Intermediates.noindex/SnapChef.build/Debug-iphonesimulator/SnapChef.build/SnapChef.app-Simulated.xcent.der (in target 'SnapChef' from project 'SnapChef')
    cd /Users/cameronanderson/SnapChef/snapchef/ios
    /usr/bin/derq query -f xml -i /Users/cameronanderson/Library/Developer/Xcode/DerivedData/SnapChef-eofefrxwfkuubrechzzomuddoees/Build/Intermediates.noindex/SnapChef.build/Debug-iphonesimulator/SnapChef.build/SnapChef.app-Simulated.xcent -o /Users/cameronanderson/Library/Developer/Xcode/DerivedData/SnapChef-eofefrxwfkuubrechzzomuddoees/Build/Intermediates.noindex/SnapChef.build/Debug-iphonesimulator/SnapChef.build/SnapChef.app-Simulated.xcent.der --raw

SwiftDriver\ Compilation\ Requirements SnapChef normal arm64 com.apple.xcode.tools.swift.compiler (in target 'SnapChef' from project 'SnapChef')
    cd /Users/cameronanderson/SnapChef/snapchef/ios
    builtin-Swift-Compilation-Requirements -- /Applications/Xcode.app/Contents/Developer/Toolchains/XcodeDefault.xctoolchain/usr/bin/swiftc -module-name SnapChef -Onone -enforce-exclusivity\=checked @/Users/cameronanderson/Library/Developer/Xcode/DerivedData/SnapChef-eofefrxwfkuubrechzzomuddoees/Build/Intermediates.noindex/SnapChef.build/Debug-iphonesimulator/SnapChef.build/Objects-normal/arm64/SnapChef.SwiftFileList -DDEBUG -Xcc -fmodule-map-file\=/Users/cameronanderson/Library/Developer/Xcode/DerivedData/SnapChef-eofefrxwfkuubrechzzomuddoees/Build/Intermediates.noindex/GeneratedModuleMaps-iphonesimulator/AppAuth.modulemap -Xcc -fmodule-map-file\=/Users/cameronanderson/Library/Developer/Xcode/DerivedData/SnapChef-eofefrxwfkuubrechzzomuddoees/Build/Intermediates.noindex/GeneratedModuleMaps-iphonesimulator/AppAuthCore.modulemap -Xcc -fmodule-map-file\=/Users/cameronanderson/Library/Developer/Xcode/DerivedData/SnapChef-eofefrxwfkuubrechzzomuddoees/Build/Intermediates.noindex/GeneratedModuleMaps-iphonesimulator/GTMSessionFetcherCore.modulemap -Xcc -fmodule-map-file\=/Users/cameronanderson/Library/Developer/Xcode/DerivedData/SnapChef-eofefrxwfkuubrechzzomuddoees/Build/Intermediates.noindex/GeneratedModuleMaps-iphonesimulator/GoogleSignIn.modulemap -enable-bare-slash-regex -enable-experimental-feature DebugDescriptionMacro -sdk /Applications/Xcode.app/Contents/Developer/Platforms/iPhoneSimulator.platform/Developer/SDKs/iPhoneSimulator18.5.sdk -target arm64-apple-ios16.0-simulator -g -module-cache-path /Users/cameronanderson/Library/Developer/Xcode/DerivedData/ModuleCache.noindex -Xfrontend -serialize-debugging-options -enable-testing -index-store-path /Users/cameronanderson/Library/Developer/Xcode/DerivedData/SnapChef-eofefrxwfkuubrechzzomuddoees/Index.noindex/DataStore -swift-version 5 -I /Users/cameronanderson/Library/Developer/Xcode/DerivedData/SnapChef-eofefrxwfkuubrechzzomuddoees/Build/Products/Debug-iphonesimulator -F /Users/cameronanderson/Library/Developer/Xcode/DerivedData/SnapChef-eofefrxwfkuubrechzzomuddoees/Build/Products/Debug-iphonesimulator/PackageFrameworks -F /Users/cameronanderson/Library/Developer/Xcode/DerivedData/SnapChef-eofefrxwfkuubrechzzomuddoees/Build/Products/Debug-iphonesimulator/PackageFrameworks -F /Users/cameronanderson/Library/Developer/Xcode/DerivedData/SnapChef-eofefrxwfkuubrechzzomuddoees/Build/Products/Debug-iphonesimulator/PackageFrameworks -F /Users/cameronanderson/Library/Developer/Xcode/DerivedData/SnapChef-eofefrxwfkuubrechzzomuddoees/Build/Products/Debug-iphonesimulator/PackageFrameworks -F /Users/cameronanderson/Library/Developer/Xcode/DerivedData/SnapChef-eofefrxwfkuubrechzzomuddoees/Build/Products/Debug-iphonesimulator/PackageFrameworks -F /Users/cameronanderson/Library/Developer/Xcode/DerivedData/SnapChef-eofefrxwfkuubrechzzomuddoees/Build/Products/Debug-iphonesimulator -emit-localized-strings -emit-localized-strings-path /Users/cameronanderson/Library/Developer/Xcode/DerivedData/SnapChef-eofefrxwfkuubrechzzomuddoees/Build/Intermediates.noindex/SnapChef.build/Debug-iphonesimulator/SnapChef.build/Objects-normal/arm64 -c -j8 -enable-batch-mode -incremental -Xcc -ivfsstatcache -Xcc /Users/cameronanderson/Library/Developer/Xcode/DerivedData/SDKStatCaches.noindex/iphonesimulator18.5-22F76-d5fc8ad4295d2ef488fb7d0f804ce0c4.sdkstatcache -output-file-map /Users/cameronanderson/Library/Developer/Xcode/DerivedData/SnapChef-eofefrxwfkuubrechzzomuddoees/Build/Intermediates.noindex/SnapChef.build/Debug-iphonesimulator/SnapChef.build/Objects-normal/arm64/SnapChef-OutputFileMap.json -use-frontend-parseable-output -save-temps -no-color-diagnostics -serialize-diagnostics -emit-dependencies -emit-module -emit-module-path /Users/cameronanderson/Library/Developer/Xcode/DerivedData/SnapChef-eofefrxwfkuubrechzzomuddoees/Build/Intermediates.noindex/SnapChef.build/Debug-iphonesimulator/SnapChef.build/Objects-normal/arm64/SnapChef.swiftmodule -validate-clang-modules-once -clang-build-session-file /Users/cameronanderson/Library/Developer/Xcode/DerivedData/ModuleCache.noindex/Session.modulevalidation -Xcc -I/Users/cameronanderson/Library/Developer/Xcode/DerivedData/SnapChef-eofefrxwfkuubrechzzomuddoees/Build/Intermediates.noindex/SnapChef.build/Debug-iphonesimulator/SnapChef.build/swift-overrides.hmap -emit-const-values -Xfrontend -const-gather-protocols-file -Xfrontend /Users/cameronanderson/Library/Developer/Xcode/DerivedData/SnapChef-eofefrxwfkuubrechzzomuddoees/Build/Intermediates.noindex/SnapChef.build/Debug-iphonesimulator/SnapChef.build/Objects-normal/arm64/SnapChef_const_extract_protocols.json -Xcc -iquote -Xcc /Users/cameronanderson/Library/Developer/Xcode/DerivedData/SnapChef-eofefrxwfkuubrechzzomuddoees/Build/Intermediates.noindex/SnapChef.build/Debug-iphonesimulator/SnapChef.build/SnapChef-generated-files.hmap -Xcc -I/Users/cameronanderson/Library/Developer/Xcode/DerivedData/SnapChef-eofefrxwfkuubrechzzomuddoees/Build/Intermediates.noindex/SnapChef.build/Debug-iphonesimulator/SnapChef.build/SnapChef-own-target-headers.hmap -Xcc -I/Users/cameronanderson/Library/Developer/Xcode/DerivedData/SnapChef-eofefrxwfkuubrechzzomuddoees/Build/Intermediates.noindex/SnapChef.build/Debug-iphonesimulator/SnapChef.build/SnapChef-all-non-framework-target-headers.hmap -Xcc -ivfsoverlay -Xcc /Users/cameronanderson/Library/Developer/Xcode/DerivedData/SnapChef-eofefrxwfkuubrechzzomuddoees/Build/Intermediates.noindex/SnapChef.build/Debug-iphonesimulator/SnapChef-aeaa8cc72641741b8a66b1f1f8e92bed-VFS-iphonesimulator/all-product-headers.yaml -Xcc -iquote -Xcc /Users/cameronanderson/Library/Developer/Xcode/DerivedData/SnapChef-eofefrxwfkuubrechzzomuddoees/Build/Intermediates.noindex/SnapChef.build/Debug-iphonesimulator/SnapChef.build/SnapChef-project-headers.hmap -Xcc -I/Users/cameronanderson/Library/Developer/Xcode/DerivedData/SnapChef-eofefrxwfkuubrechzzomuddoees/SourcePackages/checkouts/AppAuth-iOS/Sources/AppAuth -Xcc -I/Users/cameronanderson/Library/Developer/Xcode/DerivedData/SnapChef-eofefrxwfkuubrechzzomuddoees/SourcePackages/checkouts/AppAuth-iOS/Sources/AppAuthCore -Xcc -I/Users/cameronanderson/Library/Developer/Xcode/DerivedData/SnapChef-eofefrxwfkuubrechzzomuddoees/SourcePackages/checkouts/gtm-session-fetcher/Sources/Core/Public -Xcc -I/Users/cameronanderson/Library/Developer/Xcode/DerivedData/SnapChef-eofefrxwfkuubrechzzomuddoees/SourcePackages/checkouts/GoogleSignIn-iOS/GoogleSignIn/Sources/Public -Xcc -I/Users/cameronanderson/Library/Developer/Xcode/DerivedData/SnapChef-eofefrxwfkuubrechzzomuddoees/Build/Products/Debug-iphonesimulator/include -Xcc -I/Users/cameronanderson/Library/Developer/Xcode/DerivedData/SnapChef-eofefrxwfkuubrechzzomuddoees/Build/Intermediates.noindex/SnapChef.build/Debug-iphonesimulator/SnapChef.build/DerivedSources-normal/arm64 -Xcc -I/Users/cameronanderson/Library/Developer/Xcode/DerivedData/SnapChef-eofefrxwfkuubrechzzomuddoees/Build/Intermediates.noindex/SnapChef.build/Debug-iphonesimulator/SnapChef.build/DerivedSources/arm64 -Xcc -I/Users/cameronanderson/Library/Developer/Xcode/DerivedData/SnapChef-eofefrxwfkuubrechzzomuddoees/Build/Intermediates.noindex/SnapChef.build/Debug-iphonesimulator/SnapChef.build/DerivedSources -Xcc -DDEBUG\=1 -emit-objc-header -emit-objc-header-path /Users/cameronanderson/Library/Developer/Xcode/DerivedData/SnapChef-eofefrxwfkuubrechzzomuddoees/Build/Intermediates.noindex/SnapChef.build/Debug-iphonesimulator/SnapChef.build/Objects-normal/arm64/SnapChef-Swift.h -working-directory /Users/cameronanderson/SnapChef/snapchef/ios -experimental-emit-module-separately -disable-cmo
error: Build input files cannot be found: '/Users/cameronanderson/SnapChef/snapchef/ios/SnapChef/Features/Recipes/SnapChef/Features/Recipes/EnhancedRecipeResultsView.swift', '/Users/cameronanderson/SnapChef/snapchef/ios/SnapChef/Features/SnapChef/Features/Share/EnhancedShareSheet.swift', '/Users/cameronanderson/SnapChef/snapchef/ios/SnapChef/Features/Profile/SnapChef/Features/Profile/EnhancedProfileView.swift', '/Users/cameronanderson/SnapChef/snapchef/ios/SnapChef/Features/Camera/SnapChef/Features/Camera/EnhancedCameraView.swift', '/Users/cameronanderson/SnapChef/snapchef/ios/SnapChef/Features/Recipes/SnapChef/Features/Recipes/EnhancedRecipesView.swift', '/Users/cameronanderson/SnapChef/snapchef/ios/SnapChef/Features/SnapChef/EnhancedHomeView.swift'. Did you forget to declare these files as outputs of any script phases or custom build rules which produce them? (in target 'SnapChef' from project 'SnapChef')

SwiftDriver\ Compilation SnapChef normal arm64 com.apple.xcode.tools.swift.compiler (in target 'SnapChef' from project 'SnapChef')
    cd /Users/cameronanderson/SnapChef/snapchef/ios
    builtin-Swift-Compilation -- /Applications/Xcode.app/Contents/Developer/Toolchains/XcodeDefault.xctoolchain/usr/bin/swiftc -module-name SnapChef -Onone -enforce-exclusivity\=checked @/Users/cameronanderson/Library/Developer/Xcode/DerivedData/SnapChef-eofefrxwfkuubrechzzomuddoees/Build/Intermediates.noindex/SnapChef.build/Debug-iphonesimulator/SnapChef.build/Objects-normal/arm64/SnapChef.SwiftFileList -DDEBUG -Xcc -fmodule-map-file\=/Users/cameronanderson/Library/Developer/Xcode/DerivedData/SnapChef-eofefrxwfkuubrechzzomuddoees/Build/Intermediates.noindex/GeneratedModuleMaps-iphonesimulator/AppAuth.modulemap -Xcc -fmodule-map-file\=/Users/cameronanderson/Library/Developer/Xcode/DerivedData/SnapChef-eofefrxwfkuubrechzzomuddoees/Build/Intermediates.noindex/GeneratedModuleMaps-iphonesimulator/AppAuthCore.modulemap -Xcc -fmodule-map-file\=/Users/cameronanderson/Library/Developer/Xcode/DerivedData/SnapChef-eofefrxwfkuubrechzzomuddoees/Build/Intermediates.noindex/GeneratedModuleMaps-iphonesimulator/GTMSessionFetcherCore.modulemap -Xcc -fmodule-map-file\=/Users/cameronanderson/Library/Developer/Xcode/DerivedData/SnapChef-eofefrxwfkuubrechzzomuddoees/Build/Intermediates.noindex/GeneratedModuleMaps-iphonesimulator/GoogleSignIn.modulemap -enable-bare-slash-regex -enable-experimental-feature DebugDescriptionMacro -sdk /Applications/Xcode.app/Contents/Developer/Platforms/iPhoneSimulator.platform/Developer/SDKs/iPhoneSimulator18.5.sdk -target arm64-apple-ios16.0-simulator -g -module-cache-path /Users/cameronanderson/Library/Developer/Xcode/DerivedData/ModuleCache.noindex -Xfrontend -serialize-debugging-options -enable-testing -index-store-path /Users/cameronanderson/Library/Developer/Xcode/DerivedData/SnapChef-eofefrxwfkuubrechzzomuddoees/Index.noindex/DataStore -swift-version 5 -I /Users/cameronanderson/Library/Developer/Xcode/DerivedData/SnapChef-eofefrxwfkuubrechzzomuddoees/Build/Products/Debug-iphonesimulator -F /Users/cameronanderson/Library/Developer/Xcode/DerivedData/SnapChef-eofefrxwfkuubrechzzomuddoees/Build/Products/Debug-iphonesimulator/PackageFrameworks -F /Users/cameronanderson/Library/Developer/Xcode/DerivedData/SnapChef-eofefrxwfkuubrechzzomuddoees/Build/Products/Debug-iphonesimulator/PackageFrameworks -F /Users/cameronanderson/Library/Developer/Xcode/DerivedData/SnapChef-eofefrxwfkuubrechzzomuddoees/Build/Products/Debug-iphonesimulator/PackageFrameworks -F /Users/cameronanderson/Library/Developer/Xcode/DerivedData/SnapChef-eofefrxwfkuubrechzzomuddoees/Build/Products/Debug-iphonesimulator/PackageFrameworks -F /Users/cameronanderson/Library/Developer/Xcode/DerivedData/SnapChef-eofefrxwfkuubrechzzomuddoees/Build/Products/Debug-iphonesimulator/PackageFrameworks -F /Users/cameronanderson/Library/Developer/Xcode/DerivedData/SnapChef-eofefrxwfkuubrechzzomuddoees/Build/Products/Debug-iphonesimulator -emit-localized-strings -emit-localized-strings-path /Users/cameronanderson/Library/Developer/Xcode/DerivedData/SnapChef-eofefrxwfkuubrechzzomuddoees/Build/Intermediates.noindex/SnapChef.build/Debug-iphonesimulator/SnapChef.build/Objects-normal/arm64 -c -j8 -enable-batch-mode -incremental -Xcc -ivfsstatcache -Xcc /Users/cameronanderson/Library/Developer/Xcode/DerivedData/SDKStatCaches.noindex/iphonesimulator18.5-22F76-d5fc8ad4295d2ef488fb7d0f804ce0c4.sdkstatcache -output-file-map /Users/cameronanderson/Library/Developer/Xcode/DerivedData/SnapChef-eofefrxwfkuubrechzzomuddoees/Build/Intermediates.noindex/SnapChef.build/Debug-iphonesimulator/SnapChef.build/Objects-normal/arm64/SnapChef-OutputFileMap.json -use-frontend-parseable-output -save-temps -no-color-diagnostics -serialize-diagnostics -emit-dependencies -emit-module -emit-module-path /Users/cameronanderson/Library/Developer/Xcode/DerivedData/SnapChef-eofefrxwfkuubrechzzomuddoees/Build/Intermediates.noindex/SnapChef.build/Debug-iphonesimulator/SnapChef.build/Objects-normal/arm64/SnapChef.swiftmodule -validate-clang-modules-once -clang-build-session-file /Users/cameronanderson/Library/Developer/Xcode/DerivedData/ModuleCache.noindex/Session.modulevalidation -Xcc -I/Users/cameronanderson/Library/Developer/Xcode/DerivedData/SnapChef-eofefrxwfkuubrechzzomuddoees/Build/Intermediates.noindex/SnapChef.build/Debug-iphonesimulator/SnapChef.build/swift-overrides.hmap -emit-const-values -Xfrontend -const-gather-protocols-file -Xfrontend /Users/cameronanderson/Library/Developer/Xcode/DerivedData/SnapChef-eofefrxwfkuubrechzzomuddoees/Build/Intermediates.noindex/SnapChef.build/Debug-iphonesimulator/SnapChef.build/Objects-normal/arm64/SnapChef_const_extract_protocols.json -Xcc -iquote -Xcc /Users/cameronanderson/Library/Developer/Xcode/DerivedData/SnapChef-eofefrxwfkuubrechzzomuddoees/Build/Intermediates.noindex/SnapChef.build/Debug-iphonesimulator/SnapChef.build/SnapChef-generated-files.hmap -Xcc -I/Users/cameronanderson/Library/Developer/Xcode/DerivedData/SnapChef-eofefrxwfkuubrechzzomuddoees/Build/Intermediates.noindex/SnapChef.build/Debug-iphonesimulator/SnapChef.build/SnapChef-own-target-headers.hmap -Xcc -I/Users/cameronanderson/Library/Developer/Xcode/DerivedData/SnapChef-eofefrxwfkuubrechzzomuddoees/Build/Intermediates.noindex/SnapChef.build/Debug-iphonesimulator/SnapChef.build/SnapChef-all-non-framework-target-headers.hmap -Xcc -ivfsoverlay -Xcc /Users/cameronanderson/Library/Developer/Xcode/DerivedData/SnapChef-eofefrxwfkuubrechzzomuddoees/Build/Intermediates.noindex/SnapChef.build/Debug-iphonesimulator/SnapChef-aeaa8cc72641741b8a66b1f1f8e92bed-VFS-iphonesimulator/all-product-headers.yaml -Xcc -iquote -Xcc /Users/cameronanderson/Library/Developer/Xcode/DerivedData/SnapChef-eofefrxwfkuubrechzzomuddoees/Build/Intermediates.noindex/SnapChef.build/Debug-iphonesimulator/SnapChef.build/SnapChef-project-headers.hmap -Xcc -I/Users/cameronanderson/Library/Developer/Xcode/DerivedData/SnapChef-eofefrxwfkuubrechzzomuddoees/SourcePackages/checkouts/AppAuth-iOS/Sources/AppAuth -Xcc -I/Users/cameronanderson/Library/Developer/Xcode/DerivedData/SnapChef-eofefrxwfkuubrechzzomuddoees/SourcePackages/checkouts/AppAuth-iOS/Sources/AppAuthCore -Xcc -I/Users/cameronanderson/Library/Developer/Xcode/DerivedData/SnapChef-eofefrxwfkuubrechzzomuddoees/SourcePackages/checkouts/gtm-session-fetcher/Sources/Core/Public -Xcc -I/Users/cameronanderson/Library/Developer/Xcode/DerivedData/SnapChef-eofefrxwfkuubrechzzomuddoees/SourcePackages/checkouts/GoogleSignIn-iOS/GoogleSignIn/Sources/Public -Xcc -I/Users/cameronanderson/Library/Developer/Xcode/DerivedData/SnapChef-eofefrxwfkuubrechzzomuddoees/Build/Products/Debug-iphonesimulator/include -Xcc -I/Users/cameronanderson/Library/Developer/Xcode/DerivedData/SnapChef-eofefrxwfkuubrechzzomuddoees/Build/Intermediates.noindex/SnapChef.build/Debug-iphonesimulator/SnapChef.build/DerivedSources-normal/arm64 -Xcc -I/Users/cameronanderson/Library/Developer/Xcode/DerivedData/SnapChef-eofefrxwfkuubrechzzomuddoees/Build/Intermediates.noindex/SnapChef.build/Debug-iphonesimulator/SnapChef.build/DerivedSources/arm64 -Xcc -I/Users/cameronanderson/Library/Developer/Xcode/DerivedData/SnapChef-eofefrxwfkuubrechzzomuddoees/Build/Intermediates.noindex/SnapChef.build/Debug-iphonesimulator/SnapChef.build/DerivedSources -Xcc -DDEBUG\=1 -emit-objc-header -emit-objc-header-path /Users/cameronanderson/Library/Developer/Xcode/DerivedData/SnapChef-eofefrxwfkuubrechzzomuddoees/Build/Intermediates.noindex/SnapChef.build/Debug-iphonesimulator/SnapChef.build/Objects-normal/arm64/SnapChef-Swift.h -working-directory /Users/cameronanderson/SnapChef/snapchef/ios -experimental-emit-module-separately -disable-cmo
error: Build input files cannot be found: '/Users/cameronanderson/SnapChef/snapchef/ios/SnapChef/Features/SnapChef/EnhancedHomeView.swift', '/Users/cameronanderson/SnapChef/snapchef/ios/SnapChef/Features/Recipes/SnapChef/Features/Recipes/EnhancedRecipesView.swift', '/Users/cameronanderson/SnapChef/snapchef/ios/SnapChef/Features/Camera/SnapChef/Features/Camera/EnhancedCameraView.swift', '/Users/cameronanderson/SnapChef/snapchef/ios/SnapChef/Features/Profile/SnapChef/Features/Profile/EnhancedProfileView.swift', '/Users/cameronanderson/SnapChef/snapchef/ios/SnapChef/Features/SnapChef/Features/Share/EnhancedShareSheet.swift', '/Users/cameronanderson/SnapChef/snapchef/ios/SnapChef/Features/Recipes/SnapChef/Features/Recipes/EnhancedRecipeResultsView.swift'. Did you forget to declare these files as outputs of any script phases or custom build rules which produce them? (in target 'SnapChef' from project 'SnapChef')

CompileAssetCatalogVariant thinned /Users/cameronanderson/Library/Developer/Xcode/DerivedData/SnapChef-eofefrxwfkuubrechzzomuddoees/Build/Products/Debug-iphonesimulator/SnapChef.app /Users/cameronanderson/SnapChef/snapchef/ios/SnapChef/Preview\ Content/Preview\ Assets.xcassets /Users/cameronanderson/SnapChef/snapchef/ios/SnapChef/Design/Assets.xcassets (in target 'SnapChef' from project 'SnapChef')
    cd /Users/cameronanderson/SnapChef/snapchef/ios
    /Applications/Xcode.app/Contents/Developer/usr/bin/actool /Users/cameronanderson/SnapChef/snapchef/ios/SnapChef/Preview\ Content/Preview\ Assets.xcassets /Users/cameronanderson/SnapChef/snapchef/ios/SnapChef/Design/Assets.xcassets --compile /Users/cameronanderson/Library/Developer/Xcode/DerivedData/SnapChef-eofefrxwfkuubrechzzomuddoees/Build/Intermediates.noindex/SnapChef.build/Debug-iphonesimulator/SnapChef.build/assetcatalog_output/thinned --output-format human-readable-text --notices --warnings --export-dependency-info /Users/cameronanderson/Library/Developer/Xcode/DerivedData/SnapChef-eofefrxwfkuubrechzzomuddoees/Build/Intermediates.noindex/SnapChef.build/Debug-iphonesimulator/SnapChef.build/assetcatalog_dependencies_thinned --output-partial-info-plist /Users/cameronanderson/Library/Developer/Xcode/DerivedData/SnapChef-eofefrxwfkuubrechzzomuddoees/Build/Intermediates.noindex/SnapChef.build/Debug-iphonesimulator/SnapChef.build/assetcatalog_generated_info.plist_thinned --app-icon AppIcon --accent-color AccentColor --compress-pngs --enable-on-demand-resources YES --filter-for-thinning-device-configuration iPhone17,3 --filter-for-device-os-version 18.5 --development-region en --target-device iphone --target-device ipad --minimum-deployment-target 16.0 --platform iphonesimulator

** BUILD FAILED **


The following build commands failed:
	SwiftDriver\ Compilation\ Requirements SnapChef normal arm64 com.apple.xcode.tools.swift.compiler (in target 'SnapChef' from project 'SnapChef')
	SwiftDriver\ Compilation SnapChef normal arm64 com.apple.xcode.tools.swift.compiler (in target 'SnapChef' from project 'SnapChef')
	Building project SnapChef with scheme SnapChef and configuration Debug
(3 failures)
